<?xml version="1.0" encoding="utf-8"?>
<coverage line-rate="0.7375" branch-rate="0.6478" version="1.9" timestamp="1789954619" lines-covered="517" lines-valid="701" branches-covered="92" branches-valid="142">
  <sources>
    <source>/home/du_353720-1787851039/Desktop/week-3/capstone-week-3/ReservationService/</source>
  </sources>
  <packages>
    <package name="ReservationService" line-rate="0.7375" branch-rate="0.6478" complexity="214">
      <classes>
        <class name="ReservationService.Validators.CheckoutRequestValidator" filename="Validators/CheckoutRequestValidator.cs" line-rate="0" branch-rate="1" complexity="1">
          <methods>
            <method name=".ctor" signature="()" line-rate="0" branch-rate="1" complexity="1">
              <lines>
                <line number="8" hits="0" branch="False" />
                <line number="9" hits="0" branch="False" />
                <line number="10" hits="0" branch="False" />
                <line number="11" hits="0" branch="False" />
                <line number="12" hits="0" branch="False" />
              </lines>
            </method>
          </methods>
          <lines>
            <line number="8" hits="0" branch="False" />
            <line number="9" hits="0" branch="False" />
            <line number="10" hits="0" branch="False" />
            <line number="11" hits="0" branch="False" />
            <line number="12" hits="0" branch="False" />
          </lines>
        </class>
        <class name="ReservationService.Validators.CreateReservationRequestValidator" filename="Validators/CreateReservationRequestValidator.cs" line-rate="0" branch-rate="1" complexity="1">
          <methods>
            <method name=".ctor" signature="()" line-rate="0" branch-rate="1" complexity="1">
              <lines>
                <line number="8" hits="0" branch="False" />
                <line number="9" hits="0" branch="False" />
                <line number="10" hits="0" branch="False" />
                <line number="11" hits="0" branch="False" />
                <line number="12" hits="0" branch="False" />
              </lines>
            </method>
          </methods>
          <lines>
            <line number="8" hits="0" branch="False" />
            <line number="9" hits="0" branch="False" />
            <line number="10" hits="0" branch="False" />
            <line number="11" hits="0" branch="False" />
            <line number="12" hits="0" branch="False" />
          </lines>
        </class>
        <class name="ReservationService.Validators.JoinWaitlistRequestValidator" filename="Validators/JoinWaitlistRequestValidator.cs" line-rate="0" branch-rate="1" complexity="1">
          <methods>
            <method name=".ctor" signature="()" line-rate="0" branch-rate="1" complexity="1">
              <lines>
                <line number="8" hits="0" branch="False" />
                <line number="9" hits="0" branch="False" />
                <line number="10" hits="0" branch="False" />
                <line number="11" hits="0" branch="False" />
                <line number="12" hits="0" branch="False" />
              </lines>
            </method>
          </methods>
          <lines>
            <line number="8" hits="0" branch="False" />
            <line number="9" hits="0" branch="False" />
            <line number="10" hits="0" branch="False" />
            <line number="11" hits="0" branch="False" />
            <line number="12" hits="0" branch="False" />
          </lines>
        </class>
        <class name="ReservationService.Validators.ReturnRequestValidator" filename="Validators/ReturnRequestValidator.cs" line-rate="0" branch-rate="1" complexity="2">
          <methods>
            <method name=".ctor" signature="()" line-rate="0" branch-rate="1" complexity="1">
              <lines>
                <line number="12" hits="0" branch="False" />
                <line number="13" hits="0" branch="False" />
                <line number="14" hits="0" branch="False" />
                <line number="15" hits="0" branch="False" />
                <line number="16" hits="0" branch="False" />
                <line number="17" hits="0" branch="False" />
                <line number="19" hits="0" branch="False" />
                <line number="20" hits="0" branch="False" />
                <line number="21" hits="0" branch="False" />
              </lines>
            </method>
            <method name=".cctor" signature="()" line-rate="0" branch-rate="1" complexity="1">
              <lines>
                <line number="9" hits="0" branch="False" />
                <line number="10" hits="0" branch="False" />
              </lines>
            </method>
          </methods>
          <lines>
            <line number="12" hits="0" branch="False" />
            <line number="13" hits="0" branch="False" />
            <line number="14" hits="0" branch="False" />
            <line number="15" hits="0" branch="False" />
            <line number="16" hits="0" branch="False" />
            <line number="17" hits="0" branch="False" />
            <line number="19" hits="0" branch="False" />
            <line number="20" hits="0" branch="False" />
            <line number="21" hits="0" branch="False" />
            <line number="9" hits="0" branch="False" />
            <line number="10" hits="0" branch="False" />
          </lines>
        </class>
        <class name="ReservationService.Services.CatalogServiceClient" filename="Services/CatalogServiceClient.cs" line-rate="1" branch-rate="1" complexity="1">
          <methods>
            <method name=".ctor" signature="(System.Net.Http.HttpClient,Microsoft.Extensions.Logging.ILogger`1&lt;ReservationService.Services.CatalogServiceClient&gt;)" line-rate="1" branch-rate="1" complexity="1">
              <lines>
                <line number="11" hits="6" branch="False" />
                <line number="12" hits="6" branch="False" />
                <line number="13" hits="6" branch="False" />
                <line number="14" hits="6" branch="False" />
                <line number="15" hits="6" branch="False" />
              </lines>
            </method>
          </methods>
          <lines>
            <line number="11" hits="6" branch="False" />
            <line number="12" hits="6" branch="False" />
            <line number="13" hits="6" branch="False" />
            <line number="14" hits="6" branch="False" />
            <line number="15" hits="6" branch="False" />
          </lines>
        </class>
        <class name="ReservationService.Services.CatalogServiceClient/&lt;GetBookAsync&gt;d__3" filename="Services/CatalogServiceClient.cs" line-rate="0.75" branch-rate="0.75" complexity="4">
          <methods>
            <method name="MoveNext" signature="()" line-rate="0.75" branch-rate="0.75" complexity="4">
              <lines>
                <line number="18" hits="3" branch="False" />
                <line number="20" hits="3" branch="False" />
                <line number="21" hits="3" branch="False" />
                <line number="23" hits="2" branch="True" condition-coverage="100% (2/2)">
                  <conditions>
                    <condition number="232" type="jump" coverage="100%" />
                  </conditions>
                </line>
                <line number="24" hits="1" branch="False" />
                <line number="26" hits="1" branch="True" condition-coverage="50% (1/2)">
                  <conditions>
                    <condition number="259" type="jump" coverage="50%" />
                  </conditions>
                </line>
                <line number="27" hits="0" branch="False" />
                <line number="28" hits="0" branch="False" />
                <line number="29" hits="0" branch="False" />
                <line number="30" hits="0" branch="False" />
                <line number="33" hits="1" branch="False" />
                <line number="35" hits="1" branch="False" />
                <line number="36" hits="1" branch="False" />
                <line number="37" hits="1" branch="False" />
                <line number="38" hits="1" branch="False" />
                <line number="40" hits="3" branch="False" />
              </lines>
            </method>
          </methods>
          <lines>
            <line number="18" hits="3" branch="False" />
            <line number="20" hits="3" branch="False" />
            <line number="21" hits="3" branch="False" />
            <line number="23" hits="2" branch="True" condition-coverage="100% (2/2)">
              <conditions>
                <condition number="232" type="jump" coverage="100%" />
              </conditions>
            </line>
            <line number="24" hits="1" branch="False" />
            <line number="26" hits="1" branch="True" condition-coverage="50% (1/2)">
              <conditions>
                <condition number="259" type="jump" coverage="50%" />
              </conditions>
            </line>
            <line number="27" hits="0" branch="False" />
            <line number="28" hits="0" branch="False" />
            <line number="29" hits="0" branch="False" />
            <line number="30" hits="0" branch="False" />
            <line number="33" hits="1" branch="False" />
            <line number="35" hits="1" branch="False" />
            <line number="36" hits="1" branch="False" />
            <line number="37" hits="1" branch="False" />
            <line number="38" hits="1" branch="False" />
            <line number="40" hits="3" branch="False" />
          </lines>
        </class>
        <class name="ReservationService.Services.CatalogServiceClient/&lt;UpdateAvailabilityAsync&gt;d__4" filename="Services/CatalogServiceClient.cs" line-rate="1" branch-rate="1" complexity="2">
          <methods>
            <method name="MoveNext" signature="()" line-rate="1" branch-rate="1" complexity="2">
              <lines>
                <line number="43" hits="3" branch="False" />
                <line number="45" hits="3" branch="False" />
                <line number="46" hits="3" branch="False" />
                <line number="47" hits="3" branch="False" />
                <line number="48" hits="3" branch="False" />
                <line number="50" hits="2" branch="True" condition-coverage="100% (2/2)">
                  <conditions>
                    <condition number="254" type="jump" coverage="100%" />
                  </conditions>
                </line>
                <line number="51" hits="1" branch="False" />
                <line number="52" hits="1" branch="False" />
                <line number="53" hits="1" branch="False" />
                <line number="54" hits="1" branch="False" />
                <line number="57" hits="1" branch="False" />
                <line number="59" hits="1" branch="False" />
                <line number="60" hits="1" branch="False" />
                <line number="61" hits="1" branch="False" />
                <line number="62" hits="1" branch="False" />
                <line number="64" hits="3" branch="False" />
              </lines>
            </method>
          </methods>
          <lines>
            <line number="43" hits="3" branch="False" />
            <line number="45" hits="3" branch="False" />
            <line number="46" hits="3" branch="False" />
            <line number="47" hits="3" branch="False" />
            <line number="48" hits="3" branch="False" />
            <line number="50" hits="2" branch="True" condition-coverage="100% (2/2)">
              <conditions>
                <condition number="254" type="jump" coverage="100%" />
              </conditions>
            </line>
            <line number="51" hits="1" branch="False" />
            <line number="52" hits="1" branch="False" />
            <line number="53" hits="1" branch="False" />
            <line number="54" hits="1" branch="False" />
            <line number="57" hits="1" branch="False" />
            <line number="59" hits="1" branch="False" />
            <line number="60" hits="1" branch="False" />
            <line number="61" hits="1" branch="False" />
            <line number="62" hits="1" branch="False" />
            <line number="64" hits="3" branch="False" />
          </lines>
        </class>
        <class name="ReservationService.Services.BookInfo" filename="Services/ICatalogServiceClient.cs" line-rate="1" branch-rate="1" complexity="4">
          <methods>
            <method name="get_BookId" signature="()" line-rate="1" branch-rate="1" complexity="1">
              <lines>
                <line number="5" hits="6" branch="False" />
              </lines>
            </method>
            <method name="get_Title" signature="()" line-rate="1" branch-rate="1" complexity="1">
              <lines>
                <line number="6" hits="15" branch="False" />
              </lines>
            </method>
            <method name="get_Author" signature="()" line-rate="1" branch-rate="1" complexity="1">
              <lines>
                <line number="7" hits="14" branch="False" />
              </lines>
            </method>
            <method name="get_AvailableCopies" signature="()" line-rate="1" branch-rate="1" complexity="1">
              <lines>
                <line number="8" hits="12" branch="False" />
              </lines>
            </method>
          </methods>
          <lines>
            <line number="5" hits="6" branch="False" />
            <line number="6" hits="15" branch="False" />
            <line number="7" hits="14" branch="False" />
            <line number="8" hits="12" branch="False" />
          </lines>
        </class>
        <class name="ReservationService.Services.UserValidationResult" filename="Services/IUserServiceClient.cs" line-rate="1" branch-rate="1" complexity="7">
          <methods>
            <method name="get_UserId" signature="()" line-rate="1" branch-rate="1" complexity="1">
              <lines>
                <line number="5" hits="1" branch="False" />
              </lines>
            </method>
            <method name="get_Email" signature="()" line-rate="1" branch-rate="1" complexity="1">
              <lines>
                <line number="6" hits="3" branch="False" />
              </lines>
            </method>
            <method name="get_FirstName" signature="()" line-rate="1" branch-rate="1" complexity="1">
              <lines>
                <line number="7" hits="2" branch="False" />
              </lines>
            </method>
            <method name="get_LastName" signature="()" line-rate="1" branch-rate="1" complexity="1">
              <lines>
                <line number="8" hits="2" branch="False" />
              </lines>
            </method>
            <method name="get_Role" signature="()" line-rate="1" branch-rate="1" complexity="1">
              <lines>
                <line number="9" hits="2" branch="False" />
              </lines>
            </method>
            <method name="get_MembershipStatus" signature="()" line-rate="1" branch-rate="1" complexity="1">
              <lines>
                <line number="10" hits="2" branch="False" />
              </lines>
            </method>
            <method name="get_ActiveReservationsCount" signature="()" line-rate="1" branch-rate="1" complexity="1">
              <lines>
                <line number="11" hits="2" branch="False" />
              </lines>
            </method>
          </methods>
          <lines>
            <line number="5" hits="1" branch="False" />
            <line number="6" hits="3" branch="False" />
            <line number="7" hits="2" branch="False" />
            <line number="8" hits="2" branch="False" />
            <line number="9" hits="2" branch="False" />
            <line number="10" hits="2" branch="False" />
            <line number="11" hits="2" branch="False" />
          </lines>
        </class>
        <class name="ReservationService.Services.ReservationBusinessService" filename="Services/ReservationBusinessService.cs" line-rate="0.9285" branch-rate="1" complexity="2">
          <methods>
            <method name=".ctor" signature="(ReservationService.Data.ReservationServiceContext,ReservationService.Services.IUserServiceClient,ReservationService.Services.ICatalogServiceClient,ReservationService.Services.IWaitlistBusinessService,Microsoft.Extensions.Logging.ILogger`1&lt;ReservationService.Services.ReservationBusinessService&gt;)" line-rate="1" branch-rate="1" complexity="1">
              <lines>
                <line number="22" hits="16" branch="False" />
                <line number="23" hits="16" branch="False" />
                <line number="24" hits="16" branch="False" />
                <line number="25" hits="16" branch="False" />
                <line number="26" hits="16" branch="False" />
                <line number="27" hits="16" branch="False" />
                <line number="28" hits="16" branch="False" />
                <line number="29" hits="16" branch="False" />
                <line number="30" hits="16" branch="False" />
                <line number="31" hits="16" branch="False" />
                <line number="32" hits="16" branch="False" />
                <line number="33" hits="16" branch="False" />
                <line number="34" hits="16" branch="False" />
              </lines>
            </method>
            <method name=".cctor" signature="()" line-rate="0" branch-rate="1" complexity="1">
              <lines>
                <line number="13" hits="0" branch="False" />
              </lines>
            </method>
          </methods>
          <lines>
            <line number="22" hits="16" branch="False" />
            <line number="23" hits="16" branch="False" />
            <line number="24" hits="16" branch="False" />
            <line number="25" hits="16" branch="False" />
            <line number="26" hits="16" branch="False" />
            <line number="27" hits="16" branch="False" />
            <line number="28" hits="16" branch="False" />
            <line number="29" hits="16" branch="False" />
            <line number="30" hits="16" branch="False" />
            <line number="31" hits="16" branch="False" />
            <line number="32" hits="16" branch="False" />
            <line number="33" hits="16" branch="False" />
            <line number="34" hits="16" branch="False" />
            <line number="13" hits="0" branch="False" />
          </lines>
        </class>
        <class name="ReservationService.Services.ReservationBusinessService/&lt;&gt;c" filename="Services/ReservationBusinessService.cs" line-rate="1" branch-rate="1" complexity="4">
          <methods>
            <method name="&lt;GetHistoryAsync&gt;b__14_2" signature="(ReservationService.Models.Reservation)" line-rate="1" branch-rate="1" complexity="4">
              <lines>
                <line number="225" hits="4" branch="True" condition-coverage="100% (4/4)">
                  <conditions>
                    <condition number="143" type="jump" coverage="100%" />
                    <condition number="159" type="jump" coverage="100%" />
                  </conditions>
                </line>
                <line number="226" hits="4" branch="False" />
                <line number="227" hits="4" branch="False" />
                <line number="228" hits="4" branch="False" />
                <line number="229" hits="4" branch="False" />
                <line number="230" hits="4" branch="False" />
                <line number="231" hits="4" branch="False" />
                <line number="232" hits="4" branch="False" />
                <line number="233" hits="4" branch="False" />
                <line number="234" hits="4" branch="False" />
                <line number="235" hits="4" branch="False" />
                <line number="236" hits="4" branch="False" />
              </lines>
            </method>
          </methods>
          <lines>
            <line number="225" hits="4" branch="True" condition-coverage="100% (4/4)">
              <conditions>
                <condition number="143" type="jump" coverage="100%" />
                <condition number="159" type="jump" coverage="100%" />
              </conditions>
            </line>
            <line number="226" hits="4" branch="False" />
            <line number="227" hits="4" branch="False" />
            <line number="228" hits="4" branch="False" />
            <line number="229" hits="4" branch="False" />
            <line number="230" hits="4" branch="False" />
            <line number="231" hits="4" branch="False" />
            <line number="232" hits="4" branch="False" />
            <line number="233" hits="4" branch="False" />
            <line number="234" hits="4" branch="False" />
            <line number="235" hits="4" branch="False" />
            <line number="236" hits="4" branch="False" />
          </lines>
        </class>
        <class name="ReservationService.Services.ReservationBusinessService/&lt;&gt;c__DisplayClass11_0" filename="Services/ReservationBusinessService.cs" line-rate="0" branch-rate="0" complexity="8">
          <methods>
            <method name="&lt;GetActiveReservationsAsync&gt;b__0" signature="(ReservationService.Models.Reservation)" line-rate="0" branch-rate="0" complexity="8">
              <lines>
                <line number="100" hits="0" branch="True" condition-coverage="0% (0/8)">
                  <conditions>
                    <condition number="127" type="jump" coverage="0%" />
                    <condition number="143" type="jump" coverage="0%" />
                    <condition number="246" type="jump" coverage="0%" />
                    <condition number="262" type="jump" coverage="0%" />
                  </conditions>
                </line>
                <line number="101" hits="0" branch="False" />
                <line number="102" hits="0" branch="False" />
                <line number="103" hits="0" branch="False" />
                <line number="104" hits="0" branch="False" />
                <line number="105" hits="0" branch="False" />
                <line number="106" hits="0" branch="False" />
                <line number="107" hits="0" branch="False" />
                <line number="108" hits="0" branch="False" />
                <line number="109" hits="0" branch="False" />
                <line number="110" hits="0" branch="False" />
                <line number="111" hits="0" branch="False" />
                <line number="112" hits="0" branch="False" />
                <line number="113" hits="0" branch="False" />
                <line number="114" hits="0" branch="False" />
                <line number="115" hits="0" branch="False" />
                <line number="116" hits="0" branch="False" />
                <line number="117" hits="0" branch="False" />
              </lines>
            </method>
          </methods>
          <lines>
            <line number="100" hits="0" branch="True" condition-coverage="0% (0/8)">
              <conditions>
                <condition number="127" type="jump" coverage="0%" />
                <condition number="143" type="jump" coverage="0%" />
                <condition number="246" type="jump" coverage="0%" />
                <condition number="262" type="jump" coverage="0%" />
              </conditions>
            </line>
            <line number="101" hits="0" branch="False" />
            <line number="102" hits="0" branch="False" />
            <line number="103" hits="0" branch="False" />
            <line number="104" hits="0" branch="False" />
            <line number="105" hits="0" branch="False" />
            <line number="106" hits="0" branch="False" />
            <line number="107" hits="0" branch="False" />
            <line number="108" hits="0" branch="False" />
            <line number="109" hits="0" branch="False" />
            <line number="110" hits="0" branch="False" />
            <line number="111" hits="0" branch="False" />
            <line number="112" hits="0" branch="False" />
            <line number="113" hits="0" branch="False" />
            <line number="114" hits="0" branch="False" />
            <line number="115" hits="0" branch="False" />
            <line number="116" hits="0" branch="False" />
            <line number="117" hits="0" branch="False" />
          </lines>
        </class>
        <class name="ReservationService.Services.ReservationBusinessService/&lt;CheckoutAsync&gt;d__12" filename="Services/ReservationBusinessService.cs" line-rate="1" branch-rate="1" complexity="4">
          <methods>
            <method name="MoveNext" signature="()" line-rate="1" branch-rate="1" complexity="4">
              <lines>
                <line number="128" hits="3" branch="False" />
                <line number="129" hits="3" branch="False" />
                <line number="130" hits="3" branch="True" condition-coverage="100% (2/2)">
                  <conditions>
                    <condition number="198" type="jump" coverage="100%" />
                  </conditions>
                </line>
                <line number="131" hits="1" branch="False" />
                <line number="133" hits="2" branch="True" condition-coverage="100% (2/2)">
                  <conditions>
                    <condition number="241" type="jump" coverage="100%" />
                  </conditions>
                </line>
                <line number="134" hits="1" branch="False" />
                <line number="136" hits="1" branch="False" />
                <line number="137" hits="1" branch="False" />
                <line number="138" hits="1" branch="False" />
                <line number="139" hits="1" branch="False" />
                <line number="140" hits="1" branch="False" />
                <line number="142" hits="1" branch="False" />
                <line number="144" hits="1" branch="False" />
                <line number="145" hits="1" branch="False" />
                <line number="146" hits="1" branch="False" />
                <line number="147" hits="1" branch="False" />
                <line number="148" hits="1" branch="False" />
                <line number="149" hits="1" branch="False" />
                <line number="150" hits="1" branch="False" />
                <line number="151" hits="1" branch="False" />
                <line number="152" hits="3" branch="False" />
              </lines>
            </method>
          </methods>
          <lines>
            <line number="128" hits="3" branch="False" />
            <line number="129" hits="3" branch="False" />
            <line number="130" hits="3" branch="True" condition-coverage="100% (2/2)">
              <conditions>
                <condition number="198" type="jump" coverage="100%" />
              </conditions>
            </line>
            <line number="131" hits="1" branch="False" />
            <line number="133" hits="2" branch="True" condition-coverage="100% (2/2)">
              <conditions>
                <condition number="241" type="jump" coverage="100%" />
              </conditions>
            </line>
            <line number="134" hits="1" branch="False" />
            <line number="136" hits="1" branch="False" />
            <line number="137" hits="1" branch="False" />
            <line number="138" hits="1" branch="False" />
            <line number="139" hits="1" branch="False" />
            <line number="140" hits="1" branch="False" />
            <line number="142" hits="1" branch="False" />
            <line number="144" hits="1" branch="False" />
            <line number="145" hits="1" branch="False" />
            <line number="146" hits="1" branch="False" />
            <line number="147" hits="1" branch="False" />
            <line number="148" hits="1" branch="False" />
            <line number="149" hits="1" branch="False" />
            <line number="150" hits="1" branch="False" />
            <line number="151" hits="1" branch="False" />
            <line number="152" hits="3" branch="False" />
          </lines>
        </class>
        <class name="ReservationService.Services.ReservationBusinessService/&lt;CreateReservationAsync&gt;d__10" filename="Services/ReservationBusinessService.cs" line-rate="0.975" branch-rate="0.875" complexity="8">
          <methods>
            <method name="MoveNext" signature="()" line-rate="0.975" branch-rate="0.875" complexity="8">
              <lines>
                <line number="38" hits="5" branch="False" />
                <line number="40" hits="5" branch="False" />
                <line number="41" hits="5" branch="False" />
                <line number="42" hits="5" branch="False" />
                <line number="44" hits="5" branch="True" condition-coverage="100% (2/2)">
                  <conditions>
                    <condition number="483" type="jump" coverage="100%" />
                  </conditions>
                </line>
                <line number="45" hits="2" branch="False" />
                <line number="46" hits="2" branch="False" />
                <line number="49" hits="3" branch="False" />
                <line number="50" hits="3" branch="True" condition-coverage="100% (2/2)">
                  <conditions>
                    <condition number="672" type="jump" coverage="100%" />
                  </conditions>
                </line>
                <line number="51" hits="1" branch="False" />
                <line number="53" hits="2" branch="True" condition-coverage="100% (2/2)">
                  <conditions>
                    <condition number="728" type="jump" coverage="100%" />
                  </conditions>
                </line>
                <line number="54" hits="1" branch="False" />
                <line number="58" hits="1" branch="False" />
                <line number="59" hits="1" branch="True" condition-coverage="50% (1/2)">
                  <conditions>
                    <condition number="910" type="jump" coverage="50%" />
                  </conditions>
                </line>
                <line number="60" hits="0" branch="False" />
                <line number="62" hits="1" branch="False" />
                <line number="63" hits="1" branch="False" />
                <line number="64" hits="1" branch="False" />
                <line number="65" hits="1" branch="False" />
                <line number="66" hits="1" branch="False" />
                <line number="67" hits="1" branch="False" />
                <line number="68" hits="1" branch="False" />
                <line number="69" hits="1" branch="False" />
                <line number="70" hits="1" branch="False" />
                <line number="71" hits="1" branch="False" />
                <line number="72" hits="1" branch="False" />
                <line number="74" hits="1" branch="False" />
                <line number="75" hits="1" branch="False" />
                <line number="77" hits="1" branch="False" />
                <line number="78" hits="1" branch="False" />
                <line number="79" hits="1" branch="False" />
                <line number="80" hits="1" branch="False" />
                <line number="81" hits="1" branch="False" />
                <line number="82" hits="1" branch="False" />
                <line number="83" hits="1" branch="False" />
                <line number="84" hits="1" branch="False" />
                <line number="85" hits="1" branch="False" />
                <line number="86" hits="1" branch="False" />
                <line number="87" hits="1" branch="False" />
                <line number="88" hits="5" branch="False" />
              </lines>
            </method>
          </methods>
          <lines>
            <line number="38" hits="5" branch="False" />
            <line number="40" hits="5" branch="False" />
            <line number="41" hits="5" branch="False" />
            <line number="42" hits="5" branch="False" />
            <line number="44" hits="5" branch="True" condition-coverage="100% (2/2)">
              <conditions>
                <condition number="483" type="jump" coverage="100%" />
              </conditions>
            </line>
            <line number="45" hits="2" branch="False" />
            <line number="46" hits="2" branch="False" />
            <line number="49" hits="3" branch="False" />
            <line number="50" hits="3" branch="True" condition-coverage="100% (2/2)">
              <conditions>
                <condition number="672" type="jump" coverage="100%" />
              </conditions>
            </line>
            <line number="51" hits="1" branch="False" />
            <line number="53" hits="2" branch="True" condition-coverage="100% (2/2)">
              <conditions>
                <condition number="728" type="jump" coverage="100%" />
              </conditions>
            </line>
            <line number="54" hits="1" branch="False" />
            <line number="58" hits="1" branch="False" />
            <line number="59" hits="1" branch="True" condition-coverage="50% (1/2)">
              <conditions>
                <condition number="910" type="jump" coverage="50%" />
              </conditions>
            </line>
            <line number="60" hits="0" branch="False" />
            <line number="62" hits="1" branch="False" />
            <line number="63" hits="1" branch="False" />
            <line number="64" hits="1" branch="False" />
            <line number="65" hits="1" branch="False" />
            <line number="66" hits="1" branch="False" />
            <line number="67" hits="1" branch="False" />
            <line number="68" hits="1" branch="False" />
            <line number="69" hits="1" branch="False" />
            <line number="70" hits="1" branch="False" />
            <line number="71" hits="1" branch="False" />
            <line number="72" hits="1" branch="False" />
            <line number="74" hits="1" branch="False" />
            <line number="75" hits="1" branch="False" />
            <line number="77" hits="1" branch="False" />
            <line number="78" hits="1" branch="False" />
            <line number="79" hits="1" branch="False" />
            <line number="80" hits="1" branch="False" />
            <line number="81" hits="1" branch="False" />
            <line number="82" hits="1" branch="False" />
            <line number="83" hits="1" branch="False" />
            <line number="84" hits="1" branch="False" />
            <line number="85" hits="1" branch="False" />
            <line number="86" hits="1" branch="False" />
            <line number="87" hits="1" branch="False" />
            <line number="88" hits="5" branch="False" />
          </lines>
        </class>
        <class name="ReservationService.Services.ReservationBusinessService/&lt;GetActiveReservationsAsync&gt;d__11" filename="Services/ReservationBusinessService.cs" line-rate="0" branch-rate="1" complexity="1">
          <methods>
            <method name="MoveNext" signature="()" line-rate="0" branch-rate="1" complexity="1">
              <lines>
                <line number="91" hits="0" branch="False" />
                <line number="92" hits="0" branch="False" />
                <line number="94" hits="0" branch="False" />
                <line number="95" hits="0" branch="False" />
                <line number="96" hits="0" branch="False" />
                <line number="97" hits="0" branch="False" />
                <line number="98" hits="0" branch="False" />
                <line number="119" hits="0" branch="False" />
                <line number="120" hits="0" branch="False" />
                <line number="121" hits="0" branch="False" />
                <line number="122" hits="0" branch="False" />
                <line number="123" hits="0" branch="False" />
                <line number="124" hits="0" branch="False" />
              </lines>
            </method>
          </methods>
          <lines>
            <line number="91" hits="0" branch="False" />
            <line number="92" hits="0" branch="False" />
            <line number="94" hits="0" branch="False" />
            <line number="95" hits="0" branch="False" />
            <line number="96" hits="0" branch="False" />
            <line number="97" hits="0" branch="False" />
            <line number="98" hits="0" branch="False" />
            <line number="119" hits="0" branch="False" />
            <line number="120" hits="0" branch="False" />
            <line number="121" hits="0" branch="False" />
            <line number="122" hits="0" branch="False" />
            <line number="123" hits="0" branch="False" />
            <line number="124" hits="0" branch="False" />
          </lines>
        </class>
        <class name="ReservationService.Services.ReservationBusinessService/&lt;GetHistoryAsync&gt;d__14" filename="Services/ReservationBusinessService.cs" line-rate="1" branch-rate="1" complexity="1">
          <methods>
            <method name="MoveNext" signature="()" line-rate="1" branch-rate="1" complexity="1">
              <lines>
                <line number="209" hits="2" branch="False" />
                <line number="210" hits="2" branch="False" />
                <line number="211" hits="2" branch="False" />
                <line number="213" hits="2" branch="False" />
                <line number="214" hits="2" branch="False" />
                <line number="215" hits="2" branch="False" />
                <line number="217" hits="2" branch="False" />
                <line number="218" hits="2" branch="False" />
                <line number="220" hits="2" branch="False" />
                <line number="221" hits="2" branch="False" />
                <line number="222" hits="2" branch="False" />
                <line number="223" hits="2" branch="False" />
                <line number="238" hits="2" branch="False" />
                <line number="239" hits="2" branch="False" />
                <line number="240" hits="2" branch="False" />
                <line number="241" hits="2" branch="False" />
                <line number="242" hits="2" branch="False" />
                <line number="243" hits="2" branch="False" />
                <line number="244" hits="2" branch="False" />
                <line number="245" hits="2" branch="False" />
                <line number="246" hits="2" branch="False" />
                <line number="247" hits="2" branch="False" />
              </lines>
            </method>
          </methods>
          <lines>
            <line number="209" hits="2" branch="False" />
            <line number="210" hits="2" branch="False" />
            <line number="211" hits="2" branch="False" />
            <line number="213" hits="2" branch="False" />
            <line number="214" hits="2" branch="False" />
            <line number="215" hits="2" branch="False" />
            <line number="217" hits="2" branch="False" />
            <line number="218" hits="2" branch="False" />
            <line number="220" hits="2" branch="False" />
            <line number="221" hits="2" branch="False" />
            <line number="222" hits="2" branch="False" />
            <line number="223" hits="2" branch="False" />
            <line number="238" hits="2" branch="False" />
            <line number="239" hits="2" branch="False" />
            <line number="240" hits="2" branch="False" />
            <line number="241" hits="2" branch="False" />
            <line number="242" hits="2" branch="False" />
            <line number="243" hits="2" branch="False" />
            <line number="244" hits="2" branch="False" />
            <line number="245" hits="2" branch="False" />
            <line number="246" hits="2" branch="False" />
            <line number="247" hits="2" branch="False" />
          </lines>
        </class>
        <class name="ReservationService.Services.ReservationBusinessService/&lt;GetStatisticsAsync&gt;d__15" filename="Services/ReservationBusinessService.cs" line-rate="0" branch-rate="1" complexity="1">
          <methods>
            <method name="MoveNext" signature="()" line-rate="0" branch-rate="1" complexity="1">
              <lines>
                <line number="250" hits="0" branch="False" />
                <line number="251" hits="0" branch="False" />
                <line number="252" hits="0" branch="False" />
                <line number="253" hits="0" branch="False" />
                <line number="255" hits="0" branch="False" />
                <line number="256" hits="0" branch="False" />
                <line number="258" hits="0" branch="False" />
                <line number="259" hits="0" branch="False" />
                <line number="260" hits="0" branch="False" />
                <line number="261" hits="0" branch="False" />
                <line number="262" hits="0" branch="False" />
                <line number="263" hits="0" branch="False" />
                <line number="264" hits="0" branch="False" />
              </lines>
            </method>
          </methods>
          <lines>
            <line number="250" hits="0" branch="False" />
            <line number="251" hits="0" branch="False" />
            <line number="252" hits="0" branch="False" />
            <line number="253" hits="0" branch="False" />
            <line number="255" hits="0" branch="False" />
            <line number="256" hits="0" branch="False" />
            <line number="258" hits="0" branch="False" />
            <line number="259" hits="0" branch="False" />
            <line number="260" hits="0" branch="False" />
            <line number="261" hits="0" branch="False" />
            <line number="262" hits="0" branch="False" />
            <line number="263" hits="0" branch="False" />
            <line number="264" hits="0" branch="False" />
          </lines>
        </class>
        <class name="ReservationService.Services.ReservationBusinessService/&lt;ReturnAsync&gt;d__13" filename="Services/ReservationBusinessService.cs" line-rate="0.9761" branch-rate="0.9166" complexity="12">
          <methods>
            <method name="MoveNext" signature="()" line-rate="0.9761" branch-rate="0.9166" complexity="12">
              <lines>
                <line number="156" hits="6" branch="False" />
                <line number="157" hits="6" branch="False" />
                <line number="158" hits="6" branch="True" condition-coverage="50% (1/2)">
                  <conditions>
                    <condition number="221" type="jump" coverage="50%" />
                  </conditions>
                </line>
                <line number="159" hits="0" branch="False" />
                <line number="161" hits="6" branch="True" condition-coverage="100% (2/2)">
                  <conditions>
                    <condition number="267" type="jump" coverage="100%" />
                  </conditions>
                </line>
                <line number="162" hits="1" branch="False" />
                <line number="164" hits="5" branch="True" condition-coverage="100% (2/2)">
                  <conditions>
                    <condition number="317" type="jump" coverage="100%" />
                  </conditions>
                </line>
                <line number="165" hits="1" branch="False" />
                <line number="167" hits="4" branch="False" />
                <line number="168" hits="4" branch="False" />
                <line number="170" hits="4" branch="False" />
                <line number="171" hits="4" branch="False" />
                <line number="172" hits="4" branch="True" condition-coverage="100% (2/2)">
                  <conditions>
                    <condition number="423" type="jump" coverage="100%" />
                  </conditions>
                </line>
                <line number="173" hits="1" branch="False" />
                <line number="174" hits="1" branch="False" />
                <line number="175" hits="1" branch="False" />
                <line number="176" hits="1" branch="False" />
                <line number="178" hits="4" branch="False" />
                <line number="179" hits="4" branch="False" />
                <line number="180" hits="4" branch="False" />
                <line number="181" hits="4" branch="False" />
                <line number="182" hits="4" branch="False" />
                <line number="183" hits="4" branch="False" />
                <line number="185" hits="4" branch="False" />
                <line number="187" hits="4" branch="False" />
                <line number="188" hits="4" branch="False" />
                <line number="190" hits="4" branch="True" condition-coverage="100% (2/2)">
                  <conditions>
                    <condition number="914" type="jump" coverage="100%" />
                  </conditions>
                </line>
                <line number="191" hits="3" branch="False" />
                <line number="192" hits="3" branch="False" />
                <line number="193" hits="3" branch="False" />
                <line number="195" hits="4" branch="True" condition-coverage="100% (2/2)">
                  <conditions>
                    <condition number="1152" type="jump" coverage="100%" />
                  </conditions>
                </line>
                <line number="196" hits="4" branch="False" />
                <line number="197" hits="4" branch="False" />
                <line number="198" hits="4" branch="False" />
                <line number="199" hits="4" branch="False" />
                <line number="200" hits="4" branch="False" />
                <line number="201" hits="4" branch="False" />
                <line number="202" hits="4" branch="False" />
                <line number="203" hits="4" branch="False" />
                <line number="204" hits="4" branch="False" />
                <line number="205" hits="4" branch="False" />
                <line number="206" hits="6" branch="False" />
              </lines>
            </method>
          </methods>
          <lines>
            <line number="156" hits="6" branch="False" />
            <line number="157" hits="6" branch="False" />
            <line number="158" hits="6" branch="True" condition-coverage="50% (1/2)">
              <conditions>
                <condition number="221" type="jump" coverage="50%" />
              </conditions>
            </line>
            <line number="159" hits="0" branch="False" />
            <line number="161" hits="6" branch="True" condition-coverage="100% (2/2)">
              <conditions>
                <condition number="267" type="jump" coverage="100%" />
              </conditions>
            </line>
            <line number="162" hits="1" branch="False" />
            <line number="164" hits="5" branch="True" condition-coverage="100% (2/2)">
              <conditions>
                <condition number="317" type="jump" coverage="100%" />
              </conditions>
            </line>
            <line number="165" hits="1" branch="False" />
            <line number="167" hits="4" branch="False" />
            <line number="168" hits="4" branch="False" />
            <line number="170" hits="4" branch="False" />
            <line number="171" hits="4" branch="False" />
            <line number="172" hits="4" branch="True" condition-coverage="100% (2/2)">
              <conditions>
                <condition number="423" type="jump" coverage="100%" />
              </conditions>
            </line>
            <line number="173" hits="1" branch="False" />
            <line number="174" hits="1" branch="False" />
            <line number="175" hits="1" branch="False" />
            <line number="176" hits="1" branch="False" />
            <line number="178" hits="4" branch="False" />
            <line number="179" hits="4" branch="False" />
            <line number="180" hits="4" branch="False" />
            <line number="181" hits="4" branch="False" />
            <line number="182" hits="4" branch="False" />
            <line number="183" hits="4" branch="False" />
            <line number="185" hits="4" branch="False" />
            <line number="187" hits="4" branch="False" />
            <line number="188" hits="4" branch="False" />
            <line number="190" hits="4" branch="True" condition-coverage="100% (2/2)">
              <conditions>
                <condition number="914" type="jump" coverage="100%" />
              </conditions>
            </line>
            <line number="191" hits="3" branch="False" />
            <line number="192" hits="3" branch="False" />
            <line number="193" hits="3" branch="False" />
            <line number="195" hits="4" branch="True" condition-coverage="100% (2/2)">
              <conditions>
                <condition number="1152" type="jump" coverage="100%" />
              </conditions>
            </line>
            <line number="196" hits="4" branch="False" />
            <line number="197" hits="4" branch="False" />
            <line number="198" hits="4" branch="False" />
            <line number="199" hits="4" branch="False" />
            <line number="200" hits="4" branch="False" />
            <line number="201" hits="4" branch="False" />
            <line number="202" hits="4" branch="False" />
            <line number="203" hits="4" branch="False" />
            <line number="204" hits="4" branch="False" />
            <line number="205" hits="4" branch="False" />
            <line number="206" hits="6" branch="False" />
          </lines>
        </class>
        <class name="ReservationService.Services.UserServiceClient" filename="Services/UserServiceClient.cs" line-rate="1" branch-rate="1" complexity="1">
          <methods>
            <method name=".ctor" signature="(System.Net.Http.HttpClient,Microsoft.Extensions.Logging.ILogger`1&lt;ReservationService.Services.UserServiceClient&gt;)" line-rate="1" branch-rate="1" complexity="1">
              <lines>
                <line number="11" hits="4" branch="False" />
                <line number="12" hits="4" branch="False" />
                <line number="13" hits="4" branch="False" />
                <line number="14" hits="4" branch="False" />
                <line number="15" hits="4" branch="False" />
              </lines>
            </method>
          </methods>
          <lines>
            <line number="11" hits="4" branch="False" />
            <line number="12" hits="4" branch="False" />
            <line number="13" hits="4" branch="False" />
            <line number="14" hits="4" branch="False" />
            <line number="15" hits="4" branch="False" />
          </lines>
        </class>
        <class name="ReservationService.Services.UserServiceClient/&lt;ValidateUserAsync&gt;d__3" filename="Services/UserServiceClient.cs" line-rate="1" branch-rate="1" complexity="4">
          <methods>
            <method name="MoveNext" signature="()" line-rate="1" branch-rate="1" complexity="4">
              <lines>
                <line number="18" hits="4" branch="False" />
                <line number="20" hits="4" branch="False" />
                <line number="21" hits="4" branch="False" />
                <line number="23" hits="3" branch="True" condition-coverage="100% (2/2)">
                  <conditions>
                    <condition number="262" type="jump" coverage="100%" />
                  </conditions>
                </line>
                <line number="24" hits="1" branch="False" />
                <line number="26" hits="2" branch="True" condition-coverage="100% (2/2)">
                  <conditions>
                    <condition number="305" type="jump" coverage="100%" />
                  </conditions>
                </line>
                <line number="27" hits="1" branch="False" />
                <line number="28" hits="1" branch="False" />
                <line number="29" hits="1" branch="False" />
                <line number="30" hits="1" branch="False" />
                <line number="31" hits="1" branch="False" />
                <line number="34" hits="1" branch="False" />
                <line number="35" hits="1" branch="False" />
                <line number="37" hits="1" branch="False" />
                <line number="38" hits="1" branch="False" />
                <line number="39" hits="1" branch="False" />
                <line number="40" hits="1" branch="False" />
                <line number="42" hits="4" branch="False" />
              </lines>
            </method>
          </methods>
          <lines>
            <line number="18" hits="4" branch="False" />
            <line number="20" hits="4" branch="False" />
            <line number="21" hits="4" branch="False" />
            <line number="23" hits="3" branch="True" condition-coverage="100% (2/2)">
              <conditions>
                <condition number="262" type="jump" coverage="100%" />
              </conditions>
            </line>
            <line number="24" hits="1" branch="False" />
            <line number="26" hits="2" branch="True" condition-coverage="100% (2/2)">
              <conditions>
                <condition number="305" type="jump" coverage="100%" />
              </conditions>
            </line>
            <line number="27" hits="1" branch="False" />
            <line number="28" hits="1" branch="False" />
            <line number="29" hits="1" branch="False" />
            <line number="30" hits="1" branch="False" />
            <line number="31" hits="1" branch="False" />
            <line number="34" hits="1" branch="False" />
            <line number="35" hits="1" branch="False" />
            <line number="37" hits="1" branch="False" />
            <line number="38" hits="1" branch="False" />
            <line number="39" hits="1" branch="False" />
            <line number="40" hits="1" branch="False" />
            <line number="42" hits="4" branch="False" />
          </lines>
        </class>
        <class name="ReservationService.Services.WaitlistBusinessService" filename="Services/WaitlistBusinessService.cs" line-rate="1" branch-rate="1" complexity="1">
          <methods>
            <method name=".ctor" signature="(ReservationService.Data.ReservationServiceContext,ReservationService.Services.ICatalogServiceClient,Microsoft.Extensions.Logging.ILogger`1&lt;ReservationService.Services.WaitlistBusinessService&gt;)" line-rate="1" branch-rate="1" complexity="1">
              <lines>
                <line number="17" hits="14" branch="False" />
                <line number="18" hits="14" branch="False" />
                <line number="19" hits="14" branch="False" />
                <line number="20" hits="14" branch="False" />
                <line number="21" hits="14" branch="False" />
                <line number="22" hits="14" branch="False" />
                <line number="23" hits="14" branch="False" />
                <line number="24" hits="14" branch="False" />
                <line number="25" hits="14" branch="False" />
              </lines>
            </method>
          </methods>
          <lines>
            <line number="17" hits="14" branch="False" />
            <line number="18" hits="14" branch="False" />
            <line number="19" hits="14" branch="False" />
            <line number="20" hits="14" branch="False" />
            <line number="21" hits="14" branch="False" />
            <line number="22" hits="14" branch="False" />
            <line number="23" hits="14" branch="False" />
            <line number="24" hits="14" branch="False" />
            <line number="25" hits="14" branch="False" />
          </lines>
        </class>
        <class name="ReservationService.Services.WaitlistBusinessService/&lt;ComputePositionAsync&gt;d__10" filename="Services/WaitlistBusinessService.cs" line-rate="1" branch-rate="1" complexity="1">
          <methods>
            <method name="MoveNext" signature="()" line-rate="1" branch-rate="1" complexity="1">
              <lines>
                <line number="198" hits="1" branch="False" />
                <line number="199" hits="1" branch="False" />
                <line number="200" hits="1" branch="False" />
                <line number="201" hits="1" branch="False" />
                <line number="202" hits="1" branch="False" />
                <line number="204" hits="1" branch="False" />
                <line number="205" hits="1" branch="False" />
              </lines>
            </method>
          </methods>
          <lines>
            <line number="198" hits="1" branch="False" />
            <line number="199" hits="1" branch="False" />
            <line number="200" hits="1" branch="False" />
            <line number="201" hits="1" branch="False" />
            <line number="202" hits="1" branch="False" />
            <line number="204" hits="1" branch="False" />
            <line number="205" hits="1" branch="False" />
          </lines>
        </class>
        <class name="ReservationService.Services.WaitlistBusinessService/&lt;GetMyWaitlistAsync&gt;d__7" filename="Services/WaitlistBusinessService.cs" line-rate="0" branch-rate="0" complexity="4">
          <methods>
            <method name="MoveNext" signature="()" line-rate="0" branch-rate="0" complexity="4">
              <lines>
                <line number="72" hits="0" branch="False" />
                <line number="73" hits="0" branch="False" />
                <line number="74" hits="0" branch="False" />
                <line number="75" hits="0" branch="False" />
                <line number="76" hits="0" branch="False" />
                <line number="77" hits="0" branch="False" />
                <line number="79" hits="0" branch="False" />
                <line number="81" hits="0" branch="True" condition-coverage="0% (0/2)">
                  <conditions>
                    <condition number="1014" type="jump" coverage="0%" />
                  </conditions>
                </line>
                <line number="82" hits="0" branch="False" />
                <line number="83" hits="0" branch="False" />
                <line number="84" hits="0" branch="False" />
                <line number="85" hits="0" branch="False" />
                <line number="86" hits="0" branch="False" />
                <line number="87" hits="0" branch="False" />
                <line number="88" hits="0" branch="False" />
                <line number="89" hits="0" branch="False" />
                <line number="90" hits="0" branch="False" />
                <line number="91" hits="0" branch="False" />
                <line number="93" hits="0" branch="True" condition-coverage="0% (0/2)">
                  <conditions>
                    <condition number="739" type="jump" coverage="0%" />
                  </conditions>
                </line>
                <line number="94" hits="0" branch="False" />
                <line number="95" hits="0" branch="False" />
                <line number="96" hits="0" branch="False" />
                <line number="98" hits="0" branch="False" />
                <line number="99" hits="0" branch="False" />
                <line number="100" hits="0" branch="False" />
                <line number="101" hits="0" branch="False" />
                <line number="103" hits="0" branch="False" />
                <line number="104" hits="0" branch="False" />
                <line number="106" hits="0" branch="False" />
                <line number="107" hits="0" branch="False" />
              </lines>
            </method>
          </methods>
          <lines>
            <line number="72" hits="0" branch="False" />
            <line number="73" hits="0" branch="False" />
            <line number="74" hits="0" branch="False" />
            <line number="75" hits="0" branch="False" />
            <line number="76" hits="0" branch="False" />
            <line number="77" hits="0" branch="False" />
            <line number="79" hits="0" branch="False" />
            <line number="81" hits="0" branch="True" condition-coverage="0% (0/2)">
              <conditions>
                <condition number="1014" type="jump" coverage="0%" />
              </conditions>
            </line>
            <line number="82" hits="0" branch="False" />
            <line number="83" hits="0" branch="False" />
            <line number="84" hits="0" branch="False" />
            <line number="85" hits="0" branch="False" />
            <line number="86" hits="0" branch="False" />
            <line number="87" hits="0" branch="False" />
            <line number="88" hits="0" branch="False" />
            <line number="89" hits="0" branch="False" />
            <line number="90" hits="0" branch="False" />
            <line number="91" hits="0" branch="False" />
            <line number="93" hits="0" branch="True" condition-coverage="0% (0/2)">
              <conditions>
                <condition number="739" type="jump" coverage="0%" />
              </conditions>
            </line>
            <line number="94" hits="0" branch="False" />
            <line number="95" hits="0" branch="False" />
            <line number="96" hits="0" branch="False" />
            <line number="98" hits="0" branch="False" />
            <line number="99" hits="0" branch="False" />
            <line number="100" hits="0" branch="False" />
            <line number="101" hits="0" branch="False" />
            <line number="103" hits="0" branch="False" />
            <line number="104" hits="0" branch="False" />
            <line number="106" hits="0" branch="False" />
            <line number="107" hits="0" branch="False" />
          </lines>
        </class>
        <class name="ReservationService.Services.WaitlistBusinessService/&lt;JoinWaitlistAsync&gt;d__6" filename="Services/WaitlistBusinessService.cs" line-rate="0.9704999999999999" branch-rate="0.8332999999999999" complexity="6">
          <methods>
            <method name="MoveNext" signature="()" line-rate="0.9704999999999999" branch-rate="0.8332999999999999" complexity="6">
              <lines>
                <line number="29" hits="3" branch="False" />
                <line number="30" hits="3" branch="False" />
                <line number="31" hits="3" branch="True" condition-coverage="50% (1/2)">
                  <conditions>
                    <condition number="251" type="jump" coverage="50%" />
                  </conditions>
                </line>
                <line number="32" hits="0" branch="False" />
                <line number="34" hits="3" branch="True" condition-coverage="100% (2/2)">
                  <conditions>
                    <condition number="294" type="jump" coverage="100%" />
                  </conditions>
                </line>
                <line number="35" hits="1" branch="False" />
                <line number="36" hits="1" branch="False" />
                <line number="38" hits="2" branch="False" />
                <line number="39" hits="2" branch="False" />
                <line number="41" hits="2" branch="True" condition-coverage="100% (2/2)">
                  <conditions>
                    <condition number="739" type="jump" coverage="100%" />
                  </conditions>
                </line>
                <line number="42" hits="1" branch="False" />
                <line number="44" hits="1" branch="False" />
                <line number="45" hits="1" branch="False" />
                <line number="46" hits="1" branch="False" />
                <line number="47" hits="1" branch="False" />
                <line number="48" hits="1" branch="False" />
                <line number="49" hits="1" branch="False" />
                <line number="50" hits="1" branch="False" />
                <line number="51" hits="1" branch="False" />
                <line number="52" hits="1" branch="False" />
                <line number="53" hits="1" branch="False" />
                <line number="55" hits="1" branch="False" />
                <line number="56" hits="1" branch="False" />
                <line number="58" hits="1" branch="False" />
                <line number="60" hits="1" branch="False" />
                <line number="61" hits="1" branch="False" />
                <line number="62" hits="1" branch="False" />
                <line number="63" hits="1" branch="False" />
                <line number="64" hits="1" branch="False" />
                <line number="65" hits="1" branch="False" />
                <line number="66" hits="1" branch="False" />
                <line number="67" hits="1" branch="False" />
                <line number="68" hits="1" branch="False" />
                <line number="69" hits="3" branch="False" />
              </lines>
            </method>
          </methods>
          <lines>
            <line number="29" hits="3" branch="False" />
            <line number="30" hits="3" branch="False" />
            <line number="31" hits="3" branch="True" condition-coverage="50% (1/2)">
              <conditions>
                <condition number="251" type="jump" coverage="50%" />
              </conditions>
            </line>
            <line number="32" hits="0" branch="False" />
            <line number="34" hits="3" branch="True" condition-coverage="100% (2/2)">
              <conditions>
                <condition number="294" type="jump" coverage="100%" />
              </conditions>
            </line>
            <line number="35" hits="1" branch="False" />
            <line number="36" hits="1" branch="False" />
            <line number="38" hits="2" branch="False" />
            <line number="39" hits="2" branch="False" />
            <line number="41" hits="2" branch="True" condition-coverage="100% (2/2)">
              <conditions>
                <condition number="739" type="jump" coverage="100%" />
              </conditions>
            </line>
            <line number="42" hits="1" branch="False" />
            <line number="44" hits="1" branch="False" />
            <line number="45" hits="1" branch="False" />
            <line number="46" hits="1" branch="False" />
            <line number="47" hits="1" branch="False" />
            <line number="48" hits="1" branch="False" />
            <line number="49" hits="1" branch="False" />
            <line number="50" hits="1" branch="False" />
            <line number="51" hits="1" branch="False" />
            <line number="52" hits="1" branch="False" />
            <line number="53" hits="1" branch="False" />
            <line number="55" hits="1" branch="False" />
            <line number="56" hits="1" branch="False" />
            <line number="58" hits="1" branch="False" />
            <line number="60" hits="1" branch="False" />
            <line number="61" hits="1" branch="False" />
            <line number="62" hits="1" branch="False" />
            <line number="63" hits="1" branch="False" />
            <line number="64" hits="1" branch="False" />
            <line number="65" hits="1" branch="False" />
            <line number="66" hits="1" branch="False" />
            <line number="67" hits="1" branch="False" />
            <line number="68" hits="1" branch="False" />
            <line number="69" hits="3" branch="False" />
          </lines>
        </class>
        <class name="ReservationService.Services.WaitlistBusinessService/&lt;LeaveWaitlistAsync&gt;d__8" filename="Services/WaitlistBusinessService.cs" line-rate="1" branch-rate="1" complexity="6">
          <methods>
            <method name="MoveNext" signature="()" line-rate="1" branch-rate="1" complexity="6">
              <lines>
                <line number="111" hits="5" branch="False" />
                <line number="112" hits="5" branch="False" />
                <line number="113" hits="5" branch="False" />
                <line number="115" hits="5" branch="True" condition-coverage="100% (2/2)">
                  <conditions>
                    <condition number="453" type="jump" coverage="100%" />
                  </conditions>
                </line>
                <line number="116" hits="2" branch="False" />
                <line number="118" hits="3" branch="False" />
                <line number="119" hits="3" branch="False" />
                <line number="120" hits="3" branch="False" />
                <line number="122" hits="3" branch="True" condition-coverage="100% (2/2)">
                  <conditions>
                    <condition number="641" type="jump" coverage="100%" />
                  </conditions>
                </line>
                <line number="123" hits="2" branch="False" />
                <line number="124" hits="2" branch="False" />
                <line number="125" hits="2" branch="True" condition-coverage="100% (2/2)">
                  <conditions>
                    <condition number="815" type="jump" coverage="100%" />
                  </conditions>
                </line>
                <line number="126" hits="1" branch="False" />
                <line number="127" hits="1" branch="False" />
                <line number="128" hits="1" branch="False" />
                <line number="129" hits="2" branch="False" />
                <line number="131" hits="3" branch="False" />
                <line number="132" hits="3" branch="False" />
                <line number="133" hits="3" branch="False" />
                <line number="134" hits="3" branch="False" />
                <line number="135" hits="3" branch="False" />
                <line number="136" hits="3" branch="False" />
                <line number="137" hits="5" branch="False" />
              </lines>
            </method>
          </methods>
          <lines>
            <line number="111" hits="5" branch="False" />
            <line number="112" hits="5" branch="False" />
            <line number="113" hits="5" branch="False" />
            <line number="115" hits="5" branch="True" condition-coverage="100% (2/2)">
              <conditions>
                <condition number="453" type="jump" coverage="100%" />
              </conditions>
            </line>
            <line number="116" hits="2" branch="False" />
            <line number="118" hits="3" branch="False" />
            <line number="119" hits="3" branch="False" />
            <line number="120" hits="3" branch="False" />
            <line number="122" hits="3" branch="True" condition-coverage="100% (2/2)">
              <conditions>
                <condition number="641" type="jump" coverage="100%" />
              </conditions>
            </line>
            <line number="123" hits="2" branch="False" />
            <line number="124" hits="2" branch="False" />
            <line number="125" hits="2" branch="True" condition-coverage="100% (2/2)">
              <conditions>
                <condition number="815" type="jump" coverage="100%" />
              </conditions>
            </line>
            <line number="126" hits="1" branch="False" />
            <line number="127" hits="1" branch="False" />
            <line number="128" hits="1" branch="False" />
            <line number="129" hits="2" branch="False" />
            <line number="131" hits="3" branch="False" />
            <line number="132" hits="3" branch="False" />
            <line number="133" hits="3" branch="False" />
            <line number="134" hits="3" branch="False" />
            <line number="135" hits="3" branch="False" />
            <line number="136" hits="3" branch="False" />
            <line number="137" hits="5" branch="False" />
          </lines>
        </class>
        <class name="ReservationService.Services.WaitlistBusinessService/&lt;TryCascadeToNextEligibleAsync&gt;d__9" filename="Services/WaitlistBusinessService.cs" line-rate="1" branch-rate="1" complexity="4">
          <methods>
            <method name="MoveNext" signature="()" line-rate="1" branch-rate="1" complexity="4">
              <lines>
                <line number="140" hits="8" branch="False" />
                <line number="141" hits="11" branch="False" />
                <line number="142" hits="11" branch="False" />
                <line number="143" hits="11" branch="False" />
                <line number="144" hits="11" branch="False" />
                <line number="145" hits="11" branch="False" />
                <line number="146" hits="11" branch="False" />
                <line number="148" hits="11" branch="True" condition-coverage="100% (2/2)">
                  <conditions>
                    <condition number="514" type="jump" coverage="100%" />
                  </conditions>
                </line>
                <line number="149" hits="4" branch="False" />
                <line number="151" hits="7" branch="False" />
                <line number="152" hits="7" branch="False" />
                <line number="153" hits="7" branch="False" />
                <line number="155" hits="7" branch="True" condition-coverage="100% (2/2)">
                  <conditions>
                    <condition number="949" type="jump" coverage="100%" />
                  </conditions>
                </line>
                <line number="156" hits="3" branch="False" />
                <line number="159" hits="3" branch="False" />
                <line number="160" hits="3" branch="False" />
                <line number="161" hits="3" branch="False" />
                <line number="162" hits="3" branch="False" />
                <line number="163" hits="3" branch="False" />
                <line number="164" hits="3" branch="False" />
                <line number="168" hits="4" branch="False" />
                <line number="170" hits="4" branch="False" />
                <line number="171" hits="4" branch="False" />
                <line number="172" hits="4" branch="False" />
                <line number="173" hits="4" branch="False" />
                <line number="174" hits="4" branch="False" />
                <line number="175" hits="4" branch="False" />
                <line number="176" hits="4" branch="False" />
                <line number="177" hits="4" branch="False" />
                <line number="178" hits="4" branch="False" />
                <line number="179" hits="4" branch="False" />
                <line number="180" hits="4" branch="False" />
                <line number="182" hits="4" branch="False" />
                <line number="183" hits="4" branch="False" />
                <line number="184" hits="4" branch="False" />
                <line number="185" hits="4" branch="False" />
                <line number="187" hits="4" branch="False" />
                <line number="189" hits="4" branch="False" />
                <line number="190" hits="4" branch="False" />
                <line number="191" hits="4" branch="False" />
                <line number="193" hits="4" branch="False" />
                <line number="195" hits="8" branch="False" />
              </lines>
            </method>
          </methods>
          <lines>
            <line number="140" hits="8" branch="False" />
            <line number="141" hits="11" branch="False" />
            <line number="142" hits="11" branch="False" />
            <line number="143" hits="11" branch="False" />
            <line number="144" hits="11" branch="False" />
            <line number="145" hits="11" branch="False" />
            <line number="146" hits="11" branch="False" />
            <line number="148" hits="11" branch="True" condition-coverage="100% (2/2)">
              <conditions>
                <condition number="514" type="jump" coverage="100%" />
              </conditions>
            </line>
            <line number="149" hits="4" branch="False" />
            <line number="151" hits="7" branch="False" />
            <line number="152" hits="7" branch="False" />
            <line number="153" hits="7" branch="False" />
            <line number="155" hits="7" branch="True" condition-coverage="100% (2/2)">
              <conditions>
                <condition number="949" type="jump" coverage="100%" />
              </conditions>
            </line>
            <line number="156" hits="3" branch="False" />
            <line number="159" hits="3" branch="False" />
            <line number="160" hits="3" branch="False" />
            <line number="161" hits="3" branch="False" />
            <line number="162" hits="3" branch="False" />
            <line number="163" hits="3" branch="False" />
            <line number="164" hits="3" branch="False" />
            <line number="168" hits="4" branch="False" />
            <line number="170" hits="4" branch="False" />
            <line number="171" hits="4" branch="False" />
            <line number="172" hits="4" branch="False" />
            <line number="173" hits="4" branch="False" />
            <line number="174" hits="4" branch="False" />
            <line number="175" hits="4" branch="False" />
            <line number="176" hits="4" branch="False" />
            <line number="177" hits="4" branch="False" />
            <line number="178" hits="4" branch="False" />
            <line number="179" hits="4" branch="False" />
            <line number="180" hits="4" branch="False" />
            <line number="182" hits="4" branch="False" />
            <line number="183" hits="4" branch="False" />
            <line number="184" hits="4" branch="False" />
            <line number="185" hits="4" branch="False" />
            <line number="187" hits="4" branch="False" />
            <line number="189" hits="4" branch="False" />
            <line number="190" hits="4" branch="False" />
            <line number="191" hits="4" branch="False" />
            <line number="193" hits="4" branch="False" />
            <line number="195" hits="8" branch="False" />
          </lines>
        </class>
        <class name="ReservationService.Models.Reservation" filename="Models/Reservation.cs" line-rate="1" branch-rate="1" complexity="18">
          <methods>
            <method name="get_ReservationId" signature="()" line-rate="1" branch-rate="1" complexity="1">
              <lines>
                <line number="8" hits="61" branch="False" />
              </lines>
            </method>
            <method name="get_BookId" signature="()" line-rate="1" branch-rate="1" complexity="1">
              <lines>
                <line number="10" hits="49" branch="False" />
              </lines>
            </method>
            <method name="get_UserId" signature="()" line-rate="1" branch-rate="1" complexity="1">
              <lines>
                <line number="11" hits="44" branch="False" />
              </lines>
            </method>
            <method name="get_Status" signature="()" line-rate="1" branch-rate="1" complexity="1">
              <lines>
                <line number="13" hits="97" branch="False" />
              </lines>
            </method>
            <method name="get_ReservedAt" signature="()" line-rate="1" branch-rate="1" complexity="1">
              <lines>
                <line number="15" hits="43" branch="False" />
              </lines>
            </method>
            <method name="get_ExpiresAt" signature="()" line-rate="1" branch-rate="1" complexity="1">
              <lines>
                <line number="16" hits="6" branch="False" />
              </lines>
            </method>
            <method name="get_CheckedOutAt" signature="()" line-rate="1" branch-rate="1" complexity="1">
              <lines>
                <line number="17" hits="9" branch="False" />
              </lines>
            </method>
            <method name="get_DueDate" signature="()" line-rate="1" branch-rate="1" complexity="1">
              <lines>
[...]
                <line number="58" hits="1" branch="False" />
                <line number="59" hits="1" branch="False" />
                <line number="60" hits="1" branch="False" />
                <line number="61" hits="1" branch="False" />
                <line number="62" hits="1" branch="False" />
                <line number="63" hits="1" branch="False" />
                <line number="64" hits="1" branch="False" />
                <line number="65" hits="1" branch="False" />
                <line number="66" hits="1" branch="False" />
                <line number="67" hits="0" branch="False" />
                <line number="68" hits="0" branch="True" condition-coverage="0% (0/2)">
                  <conditions>
                    <condition number="542" type="jump" coverage="0%" />
                  </conditions>
                </line>
                <line number="69" hits="2" branch="False" />
                <line number="72" hits="1" branch="False" />
                <line number="73" hits="3" branch="False" />
              </lines>
            </method>
          </methods>
          <lines>
            <line number="43" hits="3" branch="False" />
            <line number="44" hits="3" branch="False" />
            <line number="46" hits="3" branch="False" />
            <line number="47" hits="3" branch="False" />
            <line number="49" hits="3" branch="True" condition-coverage="100% (2/2)">
              <conditions>
                <condition number="294" type="jump" coverage="100%" />
              </conditions>
            </line>
            <line number="50" hits="2" branch="False" />
            <line number="51" hits="2" branch="False" />
            <line number="53" hits="2" branch="True" condition-coverage="50% (3/6)">
              <conditions>
                <condition number="335" type="jump" coverage="100%" />
                <condition number="349" type="jump" coverage="50%" />
                <condition number="363" type="jump" coverage="0%" />
              </conditions>
            </line>
            <line number="54" hits="2" branch="False" />
            <line number="55" hits="1" branch="False" />
            <line number="56" hits="1" branch="False" />
            <line number="57" hits="1" branch="False" />
            <line number="58" hits="1" branch="False" />
            <line number="59" hits="1" branch="False" />
            <line number="60" hits="1" branch="False" />
            <line number="61" hits="1" branch="False" />
            <line number="62" hits="1" branch="False" />
            <line number="63" hits="1" branch="False" />
            <line number="64" hits="1" branch="False" />
            <line number="65" hits="1" branch="False" />
            <line number="66" hits="1" branch="False" />
            <line number="67" hits="0" branch="False" />
            <line number="68" hits="0" branch="True" condition-coverage="0% (0/2)">
              <conditions>
                <condition number="542" type="jump" coverage="0%" />
              </conditions>
            </line>
            <line number="69" hits="2" branch="False" />
            <line number="72" hits="1" branch="False" />
            <line number="73" hits="3" branch="False" />
          </lines>
        </class>
        <class name="ReservationService.Controllers.ReservationsController/&lt;GetActiveReservations&gt;d__6" filename="Controllers/ReservationsController.cs" line-rate="1" branch-rate="1" complexity="1">
          <methods>
            <method name="MoveNext" signature="()" line-rate="1" branch-rate="1" complexity="1">
              <lines>
                <line number="78" hits="1" branch="False" />
                <line number="79" hits="1" branch="False" />
                <line number="80" hits="1" branch="False" />
                <line number="81" hits="1" branch="False" />
                <line number="82" hits="1" branch="False" />
              </lines>
            </method>
          </methods>
          <lines>
            <line number="78" hits="1" branch="False" />
            <line number="79" hits="1" branch="False" />
            <line number="80" hits="1" branch="False" />
            <line number="81" hits="1" branch="False" />
            <line number="82" hits="1" branch="False" />
          </lines>
        </class>
        <class name="ReservationService.Controllers.ReservationsController/&lt;GetHistory&gt;d__9" filename="Controllers/ReservationsController.cs" line-rate="1" branch-rate="1" complexity="1">
          <methods>
            <method name="MoveNext" signature="()" line-rate="1" branch-rate="1" complexity="1">
              <lines>
                <line number="130" hits="1" branch="False" />
                <line number="131" hits="1" branch="False" />
                <line number="132" hits="1" branch="False" />
                <line number="133" hits="1" branch="False" />
                <line number="134" hits="1" branch="False" />
              </lines>
            </method>
          </methods>
          <lines>
            <line number="130" hits="1" branch="False" />
            <line number="131" hits="1" branch="False" />
            <line number="132" hits="1" branch="False" />
            <line number="133" hits="1" branch="False" />
            <line number="134" hits="1" branch="False" />
          </lines>
        </class>
        <class name="ReservationService.Controllers.ReservationsController/&lt;GetStatistics&gt;d__10" filename="Controllers/ReservationsController.cs" line-rate="1" branch-rate="1" complexity="1">
          <methods>
            <method name="MoveNext" signature="()" line-rate="1" branch-rate="1" complexity="1">
              <lines>
                <line number="139" hits="1" branch="False" />
                <line number="140" hits="1" branch="False" />
                <line number="141" hits="1" branch="False" />
                <line number="142" hits="1" branch="False" />
              </lines>
            </method>
          </methods>
          <lines>
            <line number="139" hits="1" branch="False" />
            <line number="140" hits="1" branch="False" />
            <line number="141" hits="1" branch="False" />
            <line number="142" hits="1" branch="False" />
          </lines>
        </class>
        <class name="ReservationService.Controllers.ReservationsController/&lt;Return&gt;d__8" filename="Controllers/ReservationsController.cs" line-rate="0.8" branch-rate="0.5" complexity="10">
          <methods>
            <method name="MoveNext" signature="()" line-rate="0.8" branch-rate="0.5" complexity="10">
              <lines>
                <line number="108" hits="2" branch="False" />
                <line number="109" hits="2" branch="False" />
                <line number="110" hits="2" branch="False" />
                <line number="112" hits="2" branch="True" condition-coverage="100% (2/2)">
                  <conditions>
                    <condition number="271" type="jump" coverage="100%" />
                  </conditions>
                </line>
                <line number="113" hits="1" branch="False" />
                <line number="114" hits="1" branch="False" />
                <line number="115" hits="1" branch="True" condition-coverage="50% (3/6)">
                  <conditions>
                    <condition number="312" type="jump" coverage="50%" />
                    <condition number="326" type="jump" coverage="50%" />
                    <condition number="340" type="jump" coverage="50%" />
                  </conditions>
                </line>
                <line number="116" hits="1" branch="False" />
                <line number="117" hits="0" branch="False" />
                <line number="118" hits="0" branch="False" />
                <line number="119" hits="1" branch="False" />
                <line number="120" hits="0" branch="True" condition-coverage="0% (0/2)">
                  <conditions>
                    <condition number="569" type="jump" coverage="0%" />
                  </conditions>
                </line>
                <line number="121" hits="1" branch="False" />
                <line number="124" hits="1" branch="False" />
                <line number="125" hits="2" branch="False" />
              </lines>
            </method>
          </methods>
          <lines>
            <line number="108" hits="2" branch="False" />
            <line number="109" hits="2" branch="False" />
            <line number="110" hits="2" branch="False" />
            <line number="112" hits="2" branch="True" condition-coverage="100% (2/2)">
              <conditions>
                <condition number="271" type="jump" coverage="100%" />
              </conditions>
            </line>
            <line number="113" hits="1" branch="False" />
            <line number="114" hits="1" branch="False" />
            <line number="115" hits="1" branch="True" condition-coverage="50% (3/6)">
              <conditions>
                <condition number="312" type="jump" coverage="50%" />
                <condition number="326" type="jump" coverage="50%" />
                <condition number="340" type="jump" coverage="50%" />
              </conditions>
            </line>
            <line number="116" hits="1" branch="False" />
            <line number="117" hits="0" branch="False" />
            <line number="118" hits="0" branch="False" />
            <line number="119" hits="1" branch="False" />
            <line number="120" hits="0" branch="True" condition-coverage="0% (0/2)">
              <conditions>
                <condition number="569" type="jump" coverage="0%" />
              </conditions>
            </line>
            <line number="121" hits="1" branch="False" />
            <line number="124" hits="1" branch="False" />
            <line number="125" hits="2" branch="False" />
          </lines>
        </class>
        <class name="ReservationService.Controllers.WaitlistController" filename="Controllers/WaitlistController.cs" line-rate="0.9" branch-rate="0.5" complexity="7">
          <methods>
            <method name="GetUserId" signature="()" line-rate="0.8332999999999999" branch-rate="0.5" complexity="6">
              <lines>
                <line number="22" hits="6" branch="False" />
                <line number="23" hits="6" branch="True" condition-coverage="50% (1/2)">
                  <conditions>
                    <condition number="18" type="jump" coverage="50%" />
                  </conditions>
                </line>
                <line number="25" hits="6" branch="True" condition-coverage="50% (2/4)">
                  <conditions>
                    <condition number="31" type="jump" coverage="50%" />
                    <condition number="49" type="jump" coverage="50%" />
                  </conditions>
                </line>
                <line number="26" hits="0" branch="False" />
                <line number="28" hits="6" branch="False" />
                <line number="29" hits="6" branch="False" />
              </lines>
            </method>
            <method name=".ctor" signature="(ReservationService.Services.IWaitlistBusinessService)" line-rate="1" branch-rate="1" complexity="1">
              <lines>
                <line number="16" hits="6" branch="False" />
                <line number="17" hits="6" branch="False" />
                <line number="18" hits="6" branch="False" />
                <line number="19" hits="6" branch="False" />
              </lines>
            </method>
          </methods>
          <lines>
            <line number="22" hits="6" branch="False" />
            <line number="23" hits="6" branch="True" condition-coverage="50% (1/2)">
              <conditions>
                <condition number="18" type="jump" coverage="50%" />
              </conditions>
            </line>
            <line number="25" hits="6" branch="True" condition-coverage="50% (2/4)">
              <conditions>
                <condition number="31" type="jump" coverage="50%" />
                <condition number="49" type="jump" coverage="50%" />
              </conditions>
            </line>
            <line number="26" hits="0" branch="False" />
            <line number="28" hits="6" branch="False" />
            <line number="29" hits="6" branch="False" />
            <line number="16" hits="6" branch="False" />
            <line number="17" hits="6" branch="False" />
            <line number="18" hits="6" branch="False" />
            <line number="19" hits="6" branch="False" />
          </lines>
        </class>
        <class name="ReservationService.Controllers.WaitlistController/&lt;GetMyWaitlist&gt;d__4" filename="Controllers/WaitlistController.cs" line-rate="1" branch-rate="1" complexity="1">
          <methods>
            <method name="MoveNext" signature="()" line-rate="1" branch-rate="1" complexity="1">
              <lines>
                <line number="56" hits="1" branch="False" />
                <line number="57" hits="1" branch="False" />
                <line number="58" hits="1" branch="False" />
                <line number="59" hits="1" branch="False" />
                <line number="60" hits="1" branch="False" />
              </lines>
            </method>
          </methods>
          <lines>
            <line number="56" hits="1" branch="False" />
            <line number="57" hits="1" branch="False" />
            <line number="58" hits="1" branch="False" />
            <line number="59" hits="1" branch="False" />
            <line number="60" hits="1" branch="False" />
          </lines>
        </class>
        <class name="ReservationService.Controllers.WaitlistController/&lt;JoinWaitlist&gt;d__3" filename="Controllers/WaitlistController.cs" line-rate="0.875" branch-rate="0.6" complexity="10">
          <methods>
            <method name="MoveNext" signature="()" line-rate="0.875" branch-rate="0.6" complexity="10">
              <lines>
                <line number="33" hits="3" branch="False" />
                <line number="34" hits="3" branch="False" />
                <line number="36" hits="3" branch="False" />
                <line number="37" hits="3" branch="False" />
                <line number="39" hits="3" branch="True" condition-coverage="100% (2/2)">
                  <conditions>
                    <condition number="277" type="jump" coverage="100%" />
                  </conditions>
                </line>
                <line number="40" hits="2" branch="False" />
                <line number="41" hits="2" branch="False" />
                <line number="42" hits="2" branch="True" condition-coverage="66.66% (4/6)">
                  <conditions>
                    <condition number="318" type="jump" coverage="50%" />
                    <condition number="332" type="jump" coverage="100%" />
                    <condition number="346" type="jump" coverage="50%" />
                  </conditions>
                </line>
                <line number="43" hits="2" branch="False" />
                <line number="44" hits="0" branch="False" />
                <line number="45" hits="1" branch="False" />
                <line number="46" hits="1" branch="False" />
                <line number="47" hits="0" branch="True" condition-coverage="0% (0/2)">
                  <conditions>
                    <condition number="575" type="jump" coverage="0%" />
                  </conditions>
                </line>
                <line number="48" hits="2" branch="False" />
                <line number="51" hits="1" branch="False" />
                <line number="52" hits="3" branch="False" />
              </lines>
            </method>
          </methods>
          <lines>
            <line number="33" hits="3" branch="False" />
            <line number="34" hits="3" branch="False" />
            <line number="36" hits="3" branch="False" />
            <line number="37" hits="3" branch="False" />
            <line number="39" hits="3" branch="True" condition-coverage="100% (2/2)">
              <conditions>
                <condition number="277" type="jump" coverage="100%" />
              </conditions>
            </line>
            <line number="40" hits="2" branch="False" />
            <line number="41" hits="2" branch="False" />
            <line number="42" hits="2" branch="True" condition-coverage="66.66% (4/6)">
              <conditions>
                <condition number="318" type="jump" coverage="50%" />
                <condition number="332" type="jump" coverage="100%" />
                <condition number="346" type="jump" coverage="50%" />
              </conditions>
            </line>
            <line number="43" hits="2" branch="False" />
            <line number="44" hits="0" branch="False" />
            <line number="45" hits="1" branch="False" />
            <line number="46" hits="1" branch="False" />
            <line number="47" hits="0" branch="True" condition-coverage="0% (0/2)">
              <conditions>
                <condition number="575" type="jump" coverage="0%" />
              </conditions>
            </line>
            <line number="48" hits="2" branch="False" />
            <line number="51" hits="1" branch="False" />
            <line number="52" hits="3" branch="False" />
          </lines>
        </class>
        <class name="ReservationService.Controllers.WaitlistController/&lt;LeaveWaitlist&gt;d__5" filename="Controllers/WaitlistController.cs" line-rate="1" branch-rate="1" complexity="2">
          <methods>
            <method name="MoveNext" signature="()" line-rate="1" branch-rate="1" complexity="2">
              <lines>
                <line number="64" hits="2" branch="False" />
                <line number="65" hits="2" branch="False" />
                <line number="67" hits="2" branch="False" />
                <line number="68" hits="2" branch="False" />
                <line number="70" hits="2" branch="True" condition-coverage="100% (2/2)">
                  <conditions>
                    <condition number="272" type="jump" coverage="100%" />
                  </conditions>
                </line>
                <line number="71" hits="1" branch="False" />
                <line number="72" hits="1" branch="False" />
                <line number="73" hits="1" branch="False" />
                <line number="74" hits="1" branch="False" />
                <line number="75" hits="1" branch="False" />
                <line number="76" hits="1" branch="False" />
                <line number="77" hits="1" branch="False" />
                <line number="80" hits="1" branch="False" />
                <line number="81" hits="2" branch="False" />
              </lines>
            </method>
          </methods>
          <lines>
            <line number="64" hits="2" branch="False" />
            <line number="65" hits="2" branch="False" />
            <line number="67" hits="2" branch="False" />
            <line number="68" hits="2" branch="False" />
            <line number="70" hits="2" branch="True" condition-coverage="100% (2/2)">
              <conditions>
                <condition number="272" type="jump" coverage="100%" />
              </conditions>
            </line>
            <line number="71" hits="1" branch="False" />
            <line number="72" hits="1" branch="False" />
            <line number="73" hits="1" branch="False" />
            <line number="74" hits="1" branch="False" />
            <line number="75" hits="1" branch="False" />
            <line number="76" hits="1" branch="False" />
            <line number="77" hits="1" branch="False" />
            <line number="80" hits="1" branch="False" />
            <line number="81" hits="2" branch="False" />
          </lines>
        </class>
      </classes>
    </package>
  </packages>
</coverage>